============================= test session starts ==============================
platform linux -- Python 3.14.0b4, pytest-9.0.2, pluggy-1.6.0
rootdir: /home/idan/Code/github/tele-home-supervisor
configfile: pyproject.toml
testpaths: tests
plugins: anyio-4.12.0, asyncio-1.3.0, cov-7.1.0
asyncio: mode=Mode.AUTO, debug=False, asyncio_default_fixture_loop_scope=function, asyncio_default_test_loop_scope=function
collected 426 items

tests/test_ai_ask_fallback.py ...                                        [  0%]
tests/test_ai_formatting.py .............                                [  3%]
tests/test_ai_multimessage.py ..                                         [  4%]
tests/test_ai_service_coverage.py ...FF                                  [  5%]
tests/test_alerting.py ..........................                        [ 11%]
tests/test_auth.py ......                                                [ 12%]
tests/test_background_shutdown.py .....                                  [ 14%]
tests/test_bot_state.py ..............................                   [ 21%]
tests/test_callbacks_dispatch.py .......................                 [ 26%]
tests/test_check_auth.py ....                                            [ 27%]
tests/test_config.py ....                                                [ 28%]
tests/test_debug_command.py ..                                           [ 28%]
tests/test_dispatch_registry.py .                                        [ 29%]
tests/test_dlogs_interactive.py ...                                      [ 29%]
tests/test_dlogs_pagination.py ...                                       [ 30%]
tests/test_handlers_ai_extended.py .....                                 [ 31%]
tests/test_handlers_alerts.py ..........                                 [ 34%]
tests/test_handlers_audit.py ......                                      [ 35%]
tests/test_handlers_cb_torrents_coverage.py ......F                      [ 37%]
tests/test_handlers_commands.py ...................                      [ 41%]
tests/test_handlers_common.py ....................                       [ 46%]
tests/test_handlers_docker_extended.py ...                               [ 46%]
tests/test_handlers_media.py .......                                     [ 48%]
tests/test_handlers_meta.py ..................                           [ 52%]
tests/test_handlers_network_extended.py ...                              [ 53%]
tests/test_handlers_notifications.py .....                               [ 54%]
tests/test_handlers_notifications_extended.py ....                       [ 55%]
tests/test_handlers_system_extended.py ...                               [ 56%]
tests/test_handlers_torrents.py ...                                      [ 57%]
tests/test_handlers_torrents_extended.py ....                            [ 57%]
tests/test_intel.py ..........                                           [ 60%]
tests/test_main_logger.py ......                                         [ 61%]
tests/test_media_cleanup.py ...............                              [ 65%]
tests/test_message_splitting.py ........                                 [ 67%]
tests/test_metrics.py ....                                               [ 68%]
tests/test_network_inventory.py .......                                  [ 69%]
tests/test_piratebay.py ...                                              [ 70%]
tests/test_protondb.py ...........                                       [ 73%]
tests/test_qbt_ban.py .                                                  [ 73%]
tests/test_record_error.py .                                             [ 73%]
tests/test_scheduled.py ..........                                       [ 75%]
tests/test_scheduled_extended.py ......                                  [ 77%]
tests/test_services_wrappers.py .....                                    [ 78%]
tests/test_tmdb.py ..                                                    [ 78%]
tests/test_torrent_manager_extended.py .........                         [ 80%]
tests/test_torrentsources.py ..........................                  [ 87%]
tests/test_utils.py .....                                                [ 88%]
tests/test_utils_extended.py .......                                     [ 89%]
tests/test_view.py ......                                                [ 91%]
tests/test_view_extended.py .....................................        [100%]

=================================== FAILURES ===================================
_________________________ test_ollama_generate_stream __________________________

mock_client_class = <MagicMock name='AsyncClient' id='140622159592960'>

    @pytest.mark.asyncio
    @patch("tele_home_supervisor.ai_service.httpx.AsyncClient")
    async def test_ollama_generate_stream(mock_client_class):
        mock_client = AsyncMock()
        mock_client_class.return_value.__aenter__.return_value = mock_client
    
        mock_response = AsyncMock()
        mock_client.stream.return_value.__aenter__.return_value = mock_response
    
        # Mock aiter_lines to yield json blobs
        async def _lines():
            yield json.dumps({"response": "Hello ", "done": False})
            yield json.dumps({"response": "world", "done": False})
            yield invalid_json_here
            yield json.dumps({"response": "!", "done": True})
            yield json.dumps({"response": "extra", "done": False}) # should be ignored
    
        invalid_json_here = "not json"
        mock_response.aiter_lines.return_value = _lines()
    
        client = OllamaClient(
            base_url="http://localhost:11434",
            model="llama3",
            system_prompt="system",
        )
    
        chunks = []
>       async for chunk in client.generate_stream("hi"):

tests/test_ai_service_coverage.py:71: 
_ _ _ _ _ _ _ _ _ _ _ _ _ _ _ _ _ _ _ _ _ _ _ _ _ _ _ _ _ _ _ _ _ _ _ _ _ _ _ _ 

self = <tele_home_supervisor.ai_service.OllamaClient object at 0x7fe525cc2850>
prompt = 'hi'

    async def generate_stream(self, prompt: str) -> AsyncGenerator[str]:
        """Stream response from Ollama."""
        url = f"{self.base_url}/api/generate"
        payload = {
            "model": self.model,
            "prompt": prompt,
            "stream": True,
            "system": self.system_prompt,
            "options": dict(self.options),
        }
    
        async with httpx.AsyncClient(timeout=self.timeout) as client:
            try:
>               async with client.stream("POST", url, json=payload) as response:
                           ^^^^^^^^^^^^^^^^^^^^^^^^^^^^^^^^^^^^^^^^
E               TypeError: 'coroutine' object does not support the asynchronous context manager protocol (missed __aexit__ method)

tele_home_supervisor/ai_service.py:77: TypeError
____________________ test_ollama_generate_stream_http_error ____________________

mock_client_class = <MagicMock name='AsyncClient' id='140622158506912'>

    @pytest.mark.asyncio
    @patch("tele_home_supervisor.ai_service.httpx.AsyncClient")
    async def test_ollama_generate_stream_http_error(mock_client_class):
        mock_client = AsyncMock()
        mock_client_class.return_value.__aenter__.return_value = mock_client
    
        mock_response = AsyncMock()
        mock_client.stream.return_value.__aenter__.return_value = mock_response
        mock_response.raise_for_status.side_effect = httpx.HTTPError("failed")
    
        client = OllamaClient(
                   base_url="http://localhost:11434",
                   model="llama3",
                   system_prompt="system",
               )
    
        with pytest.raises(RuntimeError):
>           async for _ in client.generate_stream("hi"):

tests/test_ai_service_coverage.py:93: 
_ _ _ _ _ _ _ _ _ _ _ _ _ _ _ _ _ _ _ _ _ _ _ _ _ _ _ _ _ _ _ _ _ _ _ _ _ _ _ _ 

self = <tele_home_supervisor.ai_service.OllamaClient object at 0x7fe525b98410>
prompt = 'hi'

    async def generate_stream(self, prompt: str) -> AsyncGenerator[str]:
        """Stream response from Ollama."""
        url = f"{self.base_url}/api/generate"
        payload = {
            "model": self.model,
            "prompt": prompt,
            "stream": True,
            "system": self.system_prompt,
            "options": dict(self.options),
        }
    
        async with httpx.AsyncClient(timeout=self.timeout) as client:
            try:
>               async with client.stream("POST", url, json=payload) as response:
                           ^^^^^^^^^^^^^^^^^^^^^^^^^^^^^^^^^^^^^^^^
E               TypeError: 'coroutine' object does not support the asynchronous context manager protocol (missed __aexit__ method)

tele_home_supervisor/ai_service.py:77: TypeError
__________________________ test_torrent_refresh_page ___________________________

    @pytest.mark.asyncio
    async def test_torrent_refresh_page():
        mock_query = AsyncMock()
        mock_context = MagicMock()
        mock_state = AsyncMock()
        torrents = [{"name": "Torrent 1", "hash": "123456", "state": "paused"}]
    
        with patch("tele_home_supervisor.handlers.cb_torrents.get_state", return_value=mock_state), \
             patch("tele_home_supervisor.handlers.cb_torrents.services.get_torrent_list", return_value=torrents), \
             patch("tele_home_supervisor.handlers.cb_torrents.safe_edit_message_text") as mock_edit:
    
>           await cb_torrents.handle_torrent_refresh(mock_query, mock_context, 0)

tests/test_handlers_cb_torrents_coverage.py:88: 
_ _ _ _ _ _ _ _ _ _ _ _ _ _ _ _ _ _ _ _ _ _ _ _ _ _ _ _ _ _ _ _ _ _ _ _ _ _ _ _ 
tele_home_supervisor/handlers/cb_torrents.py:113: in handle_torrent_refresh
    await _update_torrent_message(query, context, page=page, refresh=True)
tele_home_supervisor/handlers/cb_torrents.py:129: in _update_torrent_message
    msg = view.render_torrent_list_page(page_torrents, page, total_pages)
          ^^^^^^^^^^^^^^^^^^^^^^^^^^^^^^^^^^^^^^^^^^^^^^^^^^^^^^^^^^^^^^^
tele_home_supervisor/view.py:209: in render_torrent_list_page
    lines.extend(_render_torrent_lines(torrents))
                 ^^^^^^^^^^^^^^^^^^^^^^^^^^^^^^^
_ _ _ _ _ _ _ _ _ _ _ _ _ _ _ _ _ _ _ _ _ _ _ _ _ _ _ _ _ _ _ _ _ _ _ _ _ _ _ _ 

torrents = [{'hash': '123456', 'name': 'Torrent 1', 'state': 'paused'}]

    def _render_torrent_lines(torrents: list[dict]) -> list[str]:
        parts: list[str] = []
        for t in torrents:
            name = bold(t["name"])
            state = html.escape(t["state"])
    
>           progress_line = f"  Progress: {t['progress']:.1f}%"
                                           ^^^^^^^^^^^^^
E           KeyError: 'progress'

tele_home_supervisor/view.py:219: KeyError
=============================== warnings summary ===============================
tests/test_ai_service_coverage.py::test_ollama_generate_stream
tests/test_ai_service_coverage.py::test_ollama_generate_stream_http_error
  /home/idan/Code/github/tele-home-supervisor/tele_home_supervisor/ai_service.py:77: RuntimeWarning: coroutine 'AsyncMockMixin._execute_mock_call' was never awaited
    async with client.stream("POST", url, json=payload) as response:
  Enable tracemalloc to get traceback where the object was allocated.
  See https://docs.pytest.org/en/stable/how-to/capture-warnings.html#resource-warnings for more info.

-- Docs: https://docs.pytest.org/en/stable/how-to/capture-warnings.html
================================ tests coverage ================================
________________ coverage: platform linux, python 3.14.0-beta-4 ________________

Name                                               Stmts   Miss  Cover   Missing
--------------------------------------------------------------------------------
tele_home_supervisor/__init__.py                       1      0   100%
tele_home_supervisor/ai_delivery.py                  109     28    74%   30-32, 61-62, 71-72, 91-92, 96, 99, 118-123, 130-131, 135-147
tele_home_supervisor/ai_service.py                    54     15    72%   78-93, 96-97
tele_home_supervisor/alerting.py                     281    174    38%   153, 164, 174, 177-179, 182, 190, 205, 211-214, 225-229, 233-241, 245-247, 251-256, 260-344, 386-405, 409-413, 417-432, 442-487
tele_home_supervisor/background.py                   377    217    42%   83-92, 141, 151-155, 169-221, 225-229, 241-286, 289-293, 304-324, 327-331, 360-420, 424-427, 441-472, 476-479, 519-521, 525, 528-532, 543-550, 553, 556-560, 565-603
tele_home_supervisor/charts.py                       433     28    94%   30-34, 73, 75, 136, 171, 328-329, 443, 451, 457-460, 702, 712-717, 760, 805, 822, 889-892, 900
tele_home_supervisor/cli.py                           32     19    41%   52-64, 78-85
tele_home_supervisor/commands.py                      12      0   100%
tele_home_supervisor/config.py                       244     57    77%   53-54, 59, 61, 64, 73-75, 77-78, 83, 86, 96-97, 105-106, 147-148, 151-152, 186-187, 196-197, 212-213, 222-223, 228-229, 360-380, 388-395, 400-407
tele_home_supervisor/handlers/__init__.py              0      0   100%
tele_home_supervisor/handlers/ai.py                  417    139    67%   39, 73-74, 76-77, 80, 101-107, 122-124, 129, 131, 138, 140, 160, 162, 171-172, 179, 181, 189, 191, 209, 211, 219-226, 230-231, 239, 245, 247, 249-250, 254-255, 279, 286, 296, 299-300, 303-304, 355-356, 363-364, 371-372, 379-380, 439, 446, 449, 486, 493, 498, 505, 510-524, 528-633
tele_home_supervisor/handlers/alerts.py              194     96    51%   72-73, 96, 99, 115, 138-142, 152-156, 163-167, 172-176, 182-186, 205-296, 302-307, 311-347
tele_home_supervisor/handlers/audit.py                40      2    95%   24, 27
tele_home_supervisor/handlers/callbacks.py           148     70    53%   76-82, 109-124, 128-131, 141-144, 155, 176, 184, 186-187, 195-196, 204-205, 213, 221-222, 230-231, 243-246, 254-257, 265-266, 274-277, 285, 293-294, 302-303, 315-316, 324-325, 343, 353, 361, 369, 377, 386-393
tele_home_supervisor/handlers/cb_docker.py           205     80    61%   45, 63, 66-67, 72-73, 80-88, 96, 120-121, 172, 198, 202, 226, 240-250, 258-261, 267-275, 279-292, 296, 300, 304-321, 332-335, 348-350, 353-354, 359, 366-368
tele_home_supervisor/handlers/cb_helpers.py           43      9    79%   20-23, 32-34, 41-42
tele_home_supervisor/handlers/cb_media.py            287    218    24%   35, 38, 48, 72, 75, 102-111, 115-164, 170-235, 241-354, 360-386, 395-396, 417-418, 431-440
tele_home_supervisor/handlers/cb_torrents.py          79     11    86%   67, 90-91, 98-99, 106-107, 117, 125, 130-132
tele_home_supervisor/handlers/common.py              270     35    87%   118, 127, 139, 151, 156, 166, 168, 170, 183, 186, 229, 282-283, 290-293, 298, 316, 328-329, 372-373, 376-377, 383-384, 399-400, 412, 422-423, 430-431, 439
tele_home_supervisor/handlers/dispatch.py             76      0   100%
tele_home_supervisor/handlers/docker.py              243     48    80%   53, 70, 87, 104, 110, 114, 117-119, 123-127, 150, 161, 165-173, 178-179, 191, 202-203, 219-220, 229-234, 238-246, 252, 259, 263, 272, 284-289, 292-300, 307, 312-320, 332, 346-351, 354-362
tele_home_supervisor/handlers/media.py               115     34    70%   16, 20-28, 31-32, 47, 51-59, 62-63, 78, 82-90, 93-94, 109, 115-116, 120-128, 131-132, 147, 153-154, 161-169, 171-172
tele_home_supervisor/handlers/meta.py                321     63    80%   40, 49, 52-53, 71, 100-102, 109, 120-132, 139, 148-151, 186, 192, 211, 213, 217, 224, 230, 237-240, 245, 262, 272-273, 276-277, 281-285, 288-292, 303, 305-306, 311-315, 322-328, 337, 349-350, 375, 415, 436-437, 442, 452, 461, 473
tele_home_supervisor/handlers/network.py             375    131    65%   33, 59, 77, 83, 90-129, 134, 143-151, 159, 174-182, 203-204, 217, 230-232, 242-243, 254, 276-284, 308, 315, 321-329, 335-339, 349-372, 444, 463-471, 480, 505, 520, 537, 545, 553, 570-592, 617-628, 668-690, 748-783
tele_home_supervisor/handlers/notifications.py       185     58    69%   25, 45, 65, 72-95, 102-108, 116, 146, 164-168, 179-180, 186, 195-218, 226-232, 238, 250-253, 266-267, 275, 287-290, 303-304, 312, 349, 357, 383, 397-399
tele_home_supervisor/handlers/system.py              142     22    85%   30, 34-35, 52, 67-68, 80-81, 93-94, 104-105, 109-112, 136, 146-147, 156, 164, 184, 191, 200
tele_home_supervisor/handlers/torrents.py            293     61    79%   32, 39, 41-44, 62, 65-66, 73-74, 89, 93-96, 100-103, 110, 114-117, 121-124, 132, 158, 162-165, 171-174, 181, 195-200, 207, 210, 214-215, 219, 233, 268, 284, 291-293, 299-308, 311-314, 330, 332-335, 338-341, 347-356, 359-362, 377, 388, 433, 461-465
tele_home_supervisor/intel.py                        162     43    73%   36-41, 50, 52, 56, 72-77, 97-99, 111-113, 129-131, 134, 159-161, 178, 181, 210, 246-253, 257-259, 269-274
tele_home_supervisor/logger.py                        28      2    93%   19, 36
tele_home_supervisor/main.py                          71     10    86%   38, 64-65, 72-73, 80-81, 88-89, 117
tele_home_supervisor/messages.py                      18      0   100%
tele_home_supervisor/models/__init__.py                0      0   100%
tele_home_supervisor/models/alerts.py                 17      0   100%
tele_home_supervisor/models/audit.py                  13      0   100%
tele_home_supervisor/models/auth.py                   11      0   100%
tele_home_supervisor/models/bot_state.py             540     99    82%   144-146, 159-161, 167-173, 176, 189, 193, 236-242, 249, 257, 259, 269-276, 280, 288, 290, 310, 332-333, 336-338, 351, 353, 374, 405, 429-441, 446, 453-462, 465, 469-472, 564-565, 567, 595, 606-609, 615, 625, 642-646, 652, 655, 760-761, 805, 850-851, 855
tele_home_supervisor/models/cache.py                  10      0   100%
tele_home_supervisor/models/command_spec.py           14      0   100%
tele_home_supervisor/models/debug.py                  17      3    82%   20, 24-25
tele_home_supervisor/models/managed_host.py           22      6    73%   26-31
tele_home_supervisor/models/metrics.py                13      0   100%
tele_home_supervisor/models/network_inventory.py      27      0   100%
tele_home_supervisor/models/persistence.py           309     90    71%   102-103, 125, 127, 130-131, 140-141, 150-153, 157, 164-173, 182-183, 192-195, 199-204, 215-216, 229-230, 257, 282-283, 288, 292-294, 311-312, 324, 336-338, 354, 359, 364, 366-367, 388, 390, 409, 415, 419, 424-425, 427, 460-461, 468-469, 474-479, 488-489, 495-513, 519-521
tele_home_supervisor/models/scheduled_cache.py         9      0   100%
tele_home_supervisor/models/settings.py               53      0   100%
tele_home_supervisor/models/tmdb_cache.py             10      0   100%
tele_home_supervisor/models/torrent_snapshot.py        9      0   100%
tele_home_supervisor/network_inventory.py            122      6    95%   98-99, 159, 188, 195, 216
tele_home_supervisor/piratebay.py                    236    162    31%   65-70, 74, 85, 92-97, 101-117, 121-141, 157, 161, 175, 179-180, 199-201, 205-226, 230-243, 249-265, 269-313, 321, 332-356, 360-377
tele_home_supervisor/protondb.py                     146     50    66%   28-33, 93-94, 108, 111-112, 119, 125-147, 167-168, 170-172, 184-199, 217, 223-225
tele_home_supervisor/runtime.py                        3      0   100%
tele_home_supervisor/scheduled.py                    388     40    90%   36-41, 63, 91-100, 129-130, 133, 135, 164-165, 168, 172, 238, 251, 260, 341-343, 346, 422, 507, 568, 581, 592, 594-595, 614, 659-660, 666-667, 673-674, 680-681, 684
tele_home_supervisor/services.py                     149      9    94%   31-32, 42, 207-209, 248, 285-286
tele_home_supervisor/state.py                          4      0   100%
tele_home_supervisor/tmdb.py                          57     14    75%   19-24, 29, 47, 55, 59, 63, 69, 73, 83, 89, 102-103
tele_home_supervisor/torrent.py                      436    116    73%   138-139, 156, 161-162, 170-171, 174-175, 188-190, 207-211, 219-220, 241-244, 256-257, 267, 273, 278-286, 298-299, 310-333, 351-354, 359-362, 379, 388, 396, 402, 409, 419, 430, 438-440, 445, 457, 479, 496-500, 505-506, 538, 558-561, 566-567, 587-590, 596, 600, 606, 610, 616, 622-626, 653-654, 670-673, 679, 685, 696, 699, 705, 710
tele_home_supervisor/torrentsources.py               498    253    49%   28-30, 53-58, 68-74, 89, 91, 102, 108-116, 121, 127-136, 141-157, 162, 236-264, 309, 316, 340-344, 352, 365, 368, 378-379, 385-386, 420-433, 443-450, 457, 461, 465-467, 477-478, 496, 507-511, 522-526, 543-552, 555-562, 565-589, 596-626, 633-669, 698-707, 710-738, 745-760, 767-792, 806-810, 821, 830-834, 846, 855-861
tele_home_supervisor/utils.py                        482    125    74%   93, 96-98, 125, 130-149, 155-188, 192-197, 227, 234-235, 244-245, 290-291, 307-308, 316-317, 332-333, 346-347, 350, 376-378, 384-386, 436, 441-442, 446-450, 454-456, 472, 477-478, 483-485, 494-495, 503-508, 517-518, 521-522, 540, 545, 586-587, 597, 601, 648-649, 664, 680-681, 694-695, 698, 765-766, 778-780, 837-840
tele_home_supervisor/view.py                         144     20    86%   46-53, 91, 129-130, 144, 150-151, 163, 189-190, 205, 210, 221
--------------------------------------------------------------------------------
TOTAL                                               8994   2663    70%
Required test coverage of 70% reached. Total coverage: 70.39%
=========================== short test summary info ============================
FAILED tests/test_ai_service_coverage.py::test_ollama_generate_stream - TypeE...
FAILED tests/test_ai_service_coverage.py::test_ollama_generate_stream_http_error
FAILED tests/test_handlers_cb_torrents_coverage.py::test_torrent_refresh_page
================== 3 failed, 423 passed, 2 warnings in 3.45s ===================
